2021-06-17 13:37:09,860 - ProxyIP - INFO - 打开Chrome浏览器
2021-06-17 13:37:09,862 - ProxyIP - INFO - 实例化浏览器对象成功
2021-06-17 13:37:14,475 - ProxyIP - INFO - 登录saas成功
2021-06-17 13:37:15,384 - ProxyIP - INFO - 会员搜索成功
2021-06-17 13:37:15,481 - ProxyIP - INFO - 重置按钮重置成功
2021-06-17 13:37:16,707 - ProxyIP - INFO - 切换标签成功
2021-06-17 13:37:17,797 - ProxyIP - INFO - 成功跳转至:添加员工 - 线测环境总部页面
2021-06-17 13:37:18,383 - ProxyIP - INFO - 成功跳转至:编辑员工 - 线测环境总部页面
2021-06-17 13:37:46,124 - ProxyIP - INFO - 成功关闭浏览器
2021-06-17 17:48:36,107 - ProxyIP - INFO - 打开Chrome浏览器
2021-06-17 17:48:36,109 - ProxyIP - INFO - 实例化浏览器对象成功
2021-06-17 17:48:42,419 - ProxyIP - INFO - 登录saas成功
2021-06-17 17:48:43,302 - ProxyIP - INFO - 会员搜索成功
2021-06-17 17:48:43,401 - ProxyIP - INFO - 重置按钮重置成功
2021-06-17 17:48:44,632 - ProxyIP - INFO - 切换标签成功
2021-06-17 17:48:45,709 - ProxyIP - INFO - 成功跳转至:添加员工 - 线测环境总部页面
2021-06-17 17:48:46,313 - ProxyIP - INFO - 成功跳转至:编辑员工 - 线测环境总部页面
2021-06-17 17:49:14,035 - ProxyIP - INFO - 成功关闭浏览器
2021-06-17 17:49:48,150 - ProxyIP - INFO - 打开Chrome浏览器
2021-06-17 17:49:48,151 - ProxyIP - INFO - 实例化浏览器对象成功
2021-06-17 17:49:52,199 - ProxyIP - INFO - 登录saas成功
2021-06-17 17:49:53,101 - ProxyIP - INFO - 会员搜索成功
2021-06-17 17:49:53,207 - ProxyIP - INFO - 重置按钮重置成功
2021-06-17 17:49:54,444 - ProxyIP - INFO - 切换标签成功
2021-06-17 17:49:55,535 - ProxyIP - INFO - 成功跳转至:添加员工 - 线测环境总部页面
2021-06-17 17:49:56,125 - ProxyIP - INFO - 成功跳转至:编辑员工 - 线测环境总部页面
2021-06-17 17:50:23,733 - ProxyIP - INFO - 成功关闭浏览器
2021-06-17 17:52:35,240 - ProxyIP - INFO - 打开Chrome浏览器
2021-06-17 17:52:35,241 - ProxyIP - INFO - 实例化浏览器对象成功
2021-06-17 17:52:39,222 - ProxyIP - INFO - 登录saas成功
2021-06-17 17:52:40,177 - ProxyIP - INFO - 会员搜索成功
2021-06-17 17:52:40,278 - ProxyIP - INFO - 重置按钮重置成功
2021-06-17 17:52:41,478 - ProxyIP - INFO - 切换标签成功
2021-06-17 17:52:42,565 - ProxyIP - INFO - 成功跳转至:添加员工 - 线测环境总部页面
2021-06-17 17:52:43,166 - ProxyIP - INFO - 成功跳转至:编辑员工 - 线测环境总部页面
2021-06-17 17:53:10,873 - ProxyIP - INFO - 成功关闭浏览器
2021-06-17 17:56:34,077 - ProxyIP - INFO - 打开Chrome浏览器
2021-06-17 17:56:34,079 - ProxyIP - INFO - 实例化浏览器对象成功
2021-06-17 17:56:38,037 - ProxyIP - INFO - 登录saas成功
2021-06-17 17:56:38,959 - ProxyIP - INFO - 会员搜索成功
2021-06-17 17:56:39,061 - ProxyIP - INFO - 重置按钮重置成功
2021-06-17 17:56:40,278 - ProxyIP - INFO - 切换标签成功
2021-06-17 17:56:41,345 - ProxyIP - INFO - 成功跳转至:添加员工 - 线测环境总部页面
2021-06-17 17:56:41,732 - ProxyIP - INFO - 成功跳转至:编辑员工 - 线测环境总部页面
2021-06-17 17:57:09,476 - ProxyIP - INFO - 成功关闭浏览器
2021-06-17 18:00:14,784 - ProxyIP - INFO - 打开Chrome浏览器
2021-06-17 18:00:14,785 - ProxyIP - INFO - 实例化浏览器对象成功
2021-06-17 18:00:19,202 - ProxyIP - INFO - 登录saas成功
2021-06-17 18:00:20,073 - ProxyIP - INFO - 会员搜索成功
2021-06-17 18:00:20,170 - ProxyIP - INFO - 重置按钮重置成功
2021-06-17 18:00:21,391 - ProxyIP - INFO - 切换标签成功
2021-06-17 18:00:22,468 - ProxyIP - INFO - 成功跳转至:添加员工 - 线测环境总部页面
2021-06-17 18:00:23,089 - ProxyIP - INFO - 成功跳转至:编辑员工 - 线测环境总部页面
2021-06-17 18:00:40,634 - ProxyIP - INFO - 成功关闭浏览器
2021-06-17 18:03:44,839 - ProxyIP - INFO - 打开Chrome浏览器
2021-06-17 18:03:44,841 - ProxyIP - INFO - 实例化浏览器对象成功
2021-06-17 18:03:49,136 - ProxyIP - INFO - 登录saas成功
2021-06-17 18:04:07,804 - ProxyIP - INFO - 成功关闭浏览器
2021-06-17 18:07:04,040 - ProxyIP - INFO - 打开Chrome浏览器
2021-06-17 18:07:04,042 - ProxyIP - INFO - 实例化浏览器对象成功
2021-06-17 18:07:08,353 - ProxyIP - INFO - 登录saas成功
2021-06-17 18:07:26,863 - ProxyIP - INFO - 成功关闭浏览器
2021-06-17 18:08:09,632 - ProxyIP - INFO - 打开Chrome浏览器
2021-06-17 18:08:09,634 - ProxyIP - INFO - 实例化浏览器对象成功
2021-06-17 18:08:14,023 - ProxyIP - INFO - 登录saas成功
2021-06-17 18:08:32,466 - ProxyIP - INFO - 成功关闭浏览器
2021-06-17 18:10:40,683 - ProxyIP - INFO - 打开Chrome浏览器
2021-06-17 18:10:40,685 - ProxyIP - INFO - 实例化浏览器对象成功
2021-06-17 18:10:45,129 - ProxyIP - INFO - 登录saas成功
2021-06-17 18:11:00,631 - ProxyIP - ERROR - 员工有业务离职失败:Message: no such element: Unable to locate element: {"method":"xpath","selector":"//span[text()='更改成功']"}
  (Session info: chrome=91.0.4472.77)

2021-06-17 18:11:03,819 - ProxyIP - INFO - 成功关闭浏览器
